{"numFailedTestSuites":0,"numFailedTests":0,"numPassedTestSuites":7,"numPassedTests":23,"numPendingTestSuites":0,"numPendingTests":0,"numRuntimeErrorTestSuites":0,"numTodoTests":0,"numTotalTestSuites":7,"numTotalTests":23,"openHandles":[],"snapshot":{"added":0,"didUpdate":true,"failure":false,"filesAdded":0,"filesRemoved":0,"filesRemovedList":[],"filesUnmatched":0,"filesUpdated":0,"matched":13,"total":13,"unchecked":0,"uncheckedKeysByFile":[],"unmatched":0,"updated":0},"startTime":1613657533454,"success":true,"testResults":[{"assertionResults":[{"ancestorTitles":[],"failureMessages":[],"fullName":"renders an orders list","location":null,"status":"passed","title":"renders an orders list"}],"endTime":1613657543904,"message":"","name":"C:\\Users\\ereyes.DESKTOP-CP4DUS6\\react-library\\react-components\\dist\\Dashboard\\Orders.test.js","startTime":1613657536032,"status":"passed","summary":""},{"assertionResults":[{"ancestorTitles":[],"failureMessages":[],"fullName":"renders an orders list","location":null,"status":"passed","title":"renders an orders list"}],"endTime":1613657543961,"message":"","name":"C:\\Users\\ereyes.DESKTOP-CP4DUS6\\react-library\\react-components\\src\\components\\Dashboard\\Orders.test.js","startTime":1613657536023,"status":"passed","summary":""},{"assertionResults":[{"ancestorTitles":[],"failureMessages":[],"fullName":"renders a theme switcher","location":null,"status":"passed","title":"renders a theme switcher"}],"endTime":1613657544146,"message":"","name":"C:\\Users\\ereyes.DESKTOP-CP4DUS6\\react-library\\react-components\\dist\\ThemeSwitcher\\CustomThemeProvider.test.js","startTime":1613657535988,"status":"passed","summary":""},{"assertionResults":[{"ancestorTitles":[],"failureMessages":[],"fullName":"renders a theme switcher","location":null,"status":"passed","title":"renders a theme switcher"}],"endTime":1613657544306,"message":"","name":"C:\\Users\\ereyes.DESKTOP-CP4DUS6\\react-library\\react-components\\src\\components\\ThemeSwitcher\\CustomThemeProvider.test.js","startTime":1613657536009,"status":"passed","summary":""},{"assertionResults":[{"ancestorTitles":[],"failureMessages":[],"fullName":"renders a sign in component","location":null,"status":"passed","title":"renders a sign in component"},{"ancestorTitles":[],"failureMessages":[],"fullName":"should not have an error for valid email and password","location":null,"status":"passed","title":"should not have an error for valid email and password"},{"ancestorTitles":[],"failureMessages":[],"fullName":"should have an error for invalid email and no password input","location":null,"status":"passed","title":"should have an error for invalid email and no password input"}],"endTime":1613657545877,"message":"","name":"C:\\Users\\ereyes.DESKTOP-CP4DUS6\\react-library\\react-components\\src\\components\\SignIn\\SignIn.test.js","startTime":1613657535945,"status":"passed","summary":""},{"assertionResults":[{"ancestorTitles":[],"failureMessages":[],"fullName":"renders a sign in component","location":null,"status":"passed","title":"renders a sign in component"},{"ancestorTitles":[],"failureMessages":[],"fullName":"should not have an error for valid email and password","location":null,"status":"passed","title":"should not have an error for valid email and password"},{"ancestorTitles":[],"failureMessages":[],"fullName":"should have an error for invalid email and no password input","location":null,"status":"passed","title":"should have an error for invalid email and no password input"}],"endTime":1613657545904,"message":"","name":"C:\\Users\\ereyes.DESKTOP-CP4DUS6\\react-library\\react-components\\dist\\SignIn\\SignIn.test.js","startTime":1613657535986,"status":"passed","summary":""},{"assertionResults":[{"ancestorTitles":["Storyshots","Components/Orders"],"failureMessages":[],"fullName":"Storyshots Components/Orders Default","location":null,"status":"passed","title":"Default"},{"ancestorTitles":["Storyshots","Components/Orders"],"failureMessages":[],"fullName":"Storyshots Components/Orders Negative Amount","location":null,"status":"passed","title":"Negative Amount"},{"ancestorTitles":["Storyshots","Components/Orders"],"failureMessages":[],"fullName":"Storyshots Components/Orders Invalid Amount","location":null,"status":"passed","title":"Invalid Amount"},{"ancestorTitles":["Storyshots","Components/OffshoreSignIn"],"failureMessages":[],"fullName":"Storyshots Components/OffshoreSignIn Initial State","location":null,"status":"passed","title":"Initial State"},{"ancestorTitles":["Storyshots","Components/OffshoreSignIn"],"failureMessages":[],"fullName":"Storyshots Components/OffshoreSignIn Error State","location":null,"status":"passed","title":"Error State"},{"ancestorTitles":["Storyshots","Components/CustomThemeProvider"],"failureMessages":[],"fullName":"Storyshots Components/CustomThemeProvider Theme Switcher","location":null,"status":"passed","title":"Theme Switcher"},{"ancestorTitles":["Storyshots","UI/OffshoreButton"],"failureMessages":[],"fullName":"Storyshots UI/OffshoreButton Default","location":null,"status":"passed","title":"Default"},{"ancestorTitles":["Storyshots","UI/OffshoreButton"],"failureMessages":[],"fullName":"Storyshots UI/OffshoreButton Primary","location":null,"status":"passed","title":"Primary"},{"ancestorTitles":["Storyshots","UI/OffshoreButton"],"failureMessages":[],"fullName":"Storyshots UI/OffshoreButton Secondary","location":null,"status":"passed","title":"Secondary"},{"ancestorTitles":["Storyshots","UI/OffshoreButton"],"failureMessages":[],"fullName":"Storyshots UI/OffshoreButton Disabled","location":null,"status":"passed","title":"Disabled"},{"ancestorTitles":["Storyshots","UI/OffshoreTextField"],"failureMessages":[],"fullName":"Storyshots UI/OffshoreTextField Default","location":null,"status":"passed","title":"Default"},{"ancestorTitles":["Storyshots","UI/OffshoreTextField"],"failureMessages":[],"fullName":"Storyshots UI/OffshoreTextField Error","location":null,"status":"passed","title":"Error"},{"ancestorTitles":["Storyshots","UI/OffshoreTextField"],"failureMessages":[],"fullName":"Storyshots UI/OffshoreTextField Disabled","location":null,"status":"passed","title":"Disabled"}],"endTime":1613657550537,"message":"","name":"C:\\Users\\ereyes.DESKTOP-CP4DUS6\\react-library\\react-components\\src\\storyshots.test.js","startTime":1613657535975,"status":"passed","summary":""}],"wasInterrupted":false}